<?xml version="1.0" encoding="UTF-8"?>
<testsuite xmlns:xsi="http://www.w3.org/2001/XMLSchema-instance" xsi:noNamespaceSchemaLocation="https://maven.apache.org/surefire/maven-surefire-plugin/xsd/surefire-test-report.xsd" name="org.example.AppTest" time="0.013" tests="1" errors="0" skipped="0" failures="0">
  <properties>
    <property name="sun.desktop" value="windows"/>
    <property name="awt.toolkit" value="sun.awt.windows.WToolkit"/>
    <property name="file.encoding.pkg" value="sun.io"/>
    <property name="jdk.extensions.version" value="17.0.3.0"/>
    <property name="java.specification.version" value="17"/>
    <property name="sun.jnu.encoding" value="Cp1252"/>
    <property name="java.class.path" value="C:\Users\ironPC\IdeaProjects\UAS_MOVIE\target\test-classes;C:\Users\ironPC\IdeaProjects\UAS_MOVIE\target\classes;C:\Users\ironPC\.m2\repository\junit\junit\4.11\junit-4.11.jar;C:\Users\ironPC\.m2\repository\org\hamcrest\hamcrest-core\1.3\hamcrest-core-1.3.jar;C:\Users\ironPC\.m2\repository\org\apache\hadoop\hadoop-core\1.2.1\hadoop-core-1.2.1.jar;C:\Users\ironPC\.m2\repository\commons-cli\commons-cli\1.2\commons-cli-1.2.jar;C:\Users\ironPC\.m2\repository\xmlenc\xmlenc\0.52\xmlenc-0.52.jar;C:\Users\ironPC\.m2\repository\com\sun\jersey\jersey-core\1.8\jersey-core-1.8.jar;C:\Users\ironPC\.m2\repository\com\sun\jersey\jersey-json\1.8\jersey-json-1.8.jar;C:\Users\ironPC\.m2\repository\org\codehaus\jettison\jettison\1.1\jettison-1.1.jar;C:\Users\ironPC\.m2\repository\stax\stax-api\1.0.1\stax-api-1.0.1.jar;C:\Users\ironPC\.m2\repository\com\sun\xml\bind\jaxb-impl\2.2.3-1\jaxb-impl-2.2.3-1.jar;C:\Users\ironPC\.m2\repository\javax\xml\bind\jaxb-api\2.2.2\jaxb-api-2.2.2.jar;C:\Users\ironPC\.m2\repository\javax\xml\stream\stax-api\1.0-2\stax-api-1.0-2.jar;C:\Users\ironPC\.m2\repository\javax\activation\activation\1.1\activation-1.1.jar;C:\Users\ironPC\.m2\repository\org\codehaus\jackson\jackson-core-asl\1.7.1\jackson-core-asl-1.7.1.jar;C:\Users\ironPC\.m2\repository\org\codehaus\jackson\jackson-jaxrs\1.7.1\jackson-jaxrs-1.7.1.jar;C:\Users\ironPC\.m2\repository\org\codehaus\jackson\jackson-xc\1.7.1\jackson-xc-1.7.1.jar;C:\Users\ironPC\.m2\repository\com\sun\jersey\jersey-server\1.8\jersey-server-1.8.jar;C:\Users\ironPC\.m2\repository\asm\asm\3.1\asm-3.1.jar;C:\Users\ironPC\.m2\repository\commons-io\commons-io\2.1\commons-io-2.1.jar;C:\Users\ironPC\.m2\repository\commons-httpclient\commons-httpclient\3.0.1\commons-httpclient-3.0.1.jar;C:\Users\ironPC\.m2\repository\commons-logging\commons-logging\1.0.3\commons-logging-1.0.3.jar;C:\Users\ironPC\.m2\repository\commons-codec\commons-codec\1.4\commons-codec-1.4.jar;C:\Users\ironPC\.m2\repository\org\apache\commons\commons-math\2.1\commons-math-2.1.jar;C:\Users\ironPC\.m2\repository\commons-configuration\commons-configuration\1.6\commons-configuration-1.6.jar;C:\Users\ironPC\.m2\repository\commons-collections\commons-collections\3.2.1\commons-collections-3.2.1.jar;C:\Users\ironPC\.m2\repository\commons-lang\commons-lang\2.4\commons-lang-2.4.jar;C:\Users\ironPC\.m2\repository\commons-digester\commons-digester\1.8\commons-digester-1.8.jar;C:\Users\ironPC\.m2\repository\commons-beanutils\commons-beanutils\1.7.0\commons-beanutils-1.7.0.jar;C:\Users\ironPC\.m2\repository\commons-beanutils\commons-beanutils-core\1.8.0\commons-beanutils-core-1.8.0.jar;C:\Users\ironPC\.m2\repository\commons-net\commons-net\1.4.1\commons-net-1.4.1.jar;C:\Users\ironPC\.m2\repository\org\mortbay\jetty\jetty\6.1.26\jetty-6.1.26.jar;C:\Users\ironPC\.m2\repository\org\mortbay\jetty\servlet-api\2.5-20081211\servlet-api-2.5-20081211.jar;C:\Users\ironPC\.m2\repository\org\mortbay\jetty\jetty-util\6.1.26\jetty-util-6.1.26.jar;C:\Users\ironPC\.m2\repository\tomcat\jasper-runtime\5.5.12\jasper-runtime-5.5.12.jar;C:\Users\ironPC\.m2\repository\tomcat\jasper-compiler\5.5.12\jasper-compiler-5.5.12.jar;C:\Users\ironPC\.m2\repository\org\mortbay\jetty\jsp-api-2.1\6.1.14\jsp-api-2.1-6.1.14.jar;C:\Users\ironPC\.m2\repository\org\mortbay\jetty\servlet-api-2.5\6.1.14\servlet-api-2.5-6.1.14.jar;C:\Users\ironPC\.m2\repository\org\mortbay\jetty\jsp-2.1\6.1.14\jsp-2.1-6.1.14.jar;C:\Users\ironPC\.m2\repository\ant\ant\1.6.5\ant-1.6.5.jar;C:\Users\ironPC\.m2\repository\commons-el\commons-el\1.0\commons-el-1.0.jar;C:\Users\ironPC\.m2\repository\net\java\dev\jets3t\jets3t\0.6.1\jets3t-0.6.1.jar;C:\Users\ironPC\.m2\repository\hsqldb\hsqldb\1.8.0.10\hsqldb-1.8.0.10.jar;C:\Users\ironPC\.m2\repository\oro\oro\2.0.8\oro-2.0.8.jar;C:\Users\ironPC\.m2\repository\org\eclipse\jdt\core\3.1.1\core-3.1.1.jar;C:\Users\ironPC\.m2\repository\org\codehaus\jackson\jackson-mapper-asl\1.8.8\jackson-mapper-asl-1.8.8.jar;"/>
    <property name="java.vm.vendor" value="Eclipse OpenJ9"/>
    <property name="sun.arch.data.model" value="64"/>
    <property name="com.ibm.vm.bitmode" value="64"/>
    <property name="user.variant" value=""/>
    <property name="com.ibm.oti.vm.library.version" value="29"/>
    <property name="java.vendor.url" value="https://www.ibm.com/semeru-runtimes"/>
    <property name="user.timezone" value="Asia/Jakarta"/>
    <property name="os.name" value="Windows 11"/>
    <property name="java.vm.specification.version" value="17"/>
    <property name="user.country" value="US"/>
    <property name="sun.java.launcher" value="SUN_STANDARD"/>
    <property name="sun.boot.library.path" value="C:\Users\ironPC\.jdks\semeru-17.0.3\bin\default;C:\Users\ironPC\.jdks\semeru-17.0.3\bin"/>
    <property name="sun.java.command" value="C:\Users\ironPC\AppData\Local\Temp\surefire4570837613620761887\surefirebooter17317938079405154015.jar C:\Users\ironPC\AppData\Local\Temp\surefire4570837613620761887 2022-06-29T19-49-30_560-jvmRun1 surefire14251666655989780694tmp surefire_06190222050351202351tmp"/>
    <property name="surefire.test.class.path" value="C:\Users\ironPC\IdeaProjects\UAS_MOVIE\target\test-classes;C:\Users\ironPC\IdeaProjects\UAS_MOVIE\target\classes;C:\Users\ironPC\.m2\repository\junit\junit\4.11\junit-4.11.jar;C:\Users\ironPC\.m2\repository\org\hamcrest\hamcrest-core\1.3\hamcrest-core-1.3.jar;C:\Users\ironPC\.m2\repository\org\apache\hadoop\hadoop-core\1.2.1\hadoop-core-1.2.1.jar;C:\Users\ironPC\.m2\repository\commons-cli\commons-cli\1.2\commons-cli-1.2.jar;C:\Users\ironPC\.m2\repository\xmlenc\xmlenc\0.52\xmlenc-0.52.jar;C:\Users\ironPC\.m2\repository\com\sun\jersey\jersey-core\1.8\jersey-core-1.8.jar;C:\Users\ironPC\.m2\repository\com\sun\jersey\jersey-json\1.8\jersey-json-1.8.jar;C:\Users\ironPC\.m2\repository\org\codehaus\jettison\jettison\1.1\jettison-1.1.jar;C:\Users\ironPC\.m2\repository\stax\stax-api\1.0.1\stax-api-1.0.1.jar;C:\Users\ironPC\.m2\repository\com\sun\xml\bind\jaxb-impl\2.2.3-1\jaxb-impl-2.2.3-1.jar;C:\Users\ironPC\.m2\repository\javax\xml\bind\jaxb-api\2.2.2\jaxb-api-2.2.2.jar;C:\Users\ironPC\.m2\repository\javax\xml\stream\stax-api\1.0-2\stax-api-1.0-2.jar;C:\Users\ironPC\.m2\repository\javax\activation\activation\1.1\activation-1.1.jar;C:\Users\ironPC\.m2\repository\org\codehaus\jackson\jackson-core-asl\1.7.1\jackson-core-asl-1.7.1.jar;C:\Users\ironPC\.m2\repository\org\codehaus\jackson\jackson-jaxrs\1.7.1\jackson-jaxrs-1.7.1.jar;C:\Users\ironPC\.m2\repository\org\codehaus\jackson\jackson-xc\1.7.1\jackson-xc-1.7.1.jar;C:\Users\ironPC\.m2\repository\com\sun\jersey\jersey-server\1.8\jersey-server-1.8.jar;C:\Users\ironPC\.m2\repository\asm\asm\3.1\asm-3.1.jar;C:\Users\ironPC\.m2\repository\commons-io\commons-io\2.1\commons-io-2.1.jar;C:\Users\ironPC\.m2\repository\commons-httpclient\commons-httpclient\3.0.1\commons-httpclient-3.0.1.jar;C:\Users\ironPC\.m2\repository\commons-logging\commons-logging\1.0.3\commons-logging-1.0.3.jar;C:\Users\ironPC\.m2\repository\commons-codec\commons-codec\1.4\commons-codec-1.4.jar;C:\Users\ironPC\.m2\repository\org\apache\commons\commons-math\2.1\commons-math-2.1.jar;C:\Users\ironPC\.m2\repository\commons-configuration\commons-configuration\1.6\commons-configuration-1.6.jar;C:\Users\ironPC\.m2\repository\commons-collections\commons-collections\3.2.1\commons-collections-3.2.1.jar;C:\Users\ironPC\.m2\repository\commons-lang\commons-lang\2.4\commons-lang-2.4.jar;C:\Users\ironPC\.m2\repository\commons-digester\commons-digester\1.8\commons-digester-1.8.jar;C:\Users\ironPC\.m2\repository\commons-beanutils\commons-beanutils\1.7.0\commons-beanutils-1.7.0.jar;C:\Users\ironPC\.m2\repository\commons-beanutils\commons-beanutils-core\1.8.0\commons-beanutils-core-1.8.0.jar;C:\Users\ironPC\.m2\repository\commons-net\commons-net\1.4.1\commons-net-1.4.1.jar;C:\Users\ironPC\.m2\repository\org\mortbay\jetty\jetty\6.1.26\jetty-6.1.26.jar;C:\Users\ironPC\.m2\repository\org\mortbay\jetty\servlet-api\2.5-20081211\servlet-api-2.5-20081211.jar;C:\Users\ironPC\.m2\repository\org\mortbay\jetty\jetty-util\6.1.26\jetty-util-6.1.26.jar;C:\Users\ironPC\.m2\repository\tomcat\jasper-runtime\5.5.12\jasper-runtime-5.5.12.jar;C:\Users\ironPC\.m2\repository\tomcat\jasper-compiler\5.5.12\jasper-compiler-5.5.12.jar;C:\Users\ironPC\.m2\repository\org\mortbay\jetty\jsp-api-2.1\6.1.14\jsp-api-2.1-6.1.14.jar;C:\Users\ironPC\.m2\repository\org\mortbay\jetty\servlet-api-2.5\6.1.14\servlet-api-2.5-6.1.14.jar;C:\Users\ironPC\.m2\repository\org\mortbay\jetty\jsp-2.1\6.1.14\jsp-2.1-6.1.14.jar;C:\Users\ironPC\.m2\repository\ant\ant\1.6.5\ant-1.6.5.jar;C:\Users\ironPC\.m2\repository\commons-el\commons-el\1.0\commons-el-1.0.jar;C:\Users\ironPC\.m2\repository\net\java\dev\jets3t\jets3t\0.6.1\jets3t-0.6.1.jar;C:\Users\ironPC\.m2\repository\hsqldb\hsqldb\1.8.0.10\hsqldb-1.8.0.10.jar;C:\Users\ironPC\.m2\repository\oro\oro\2.0.8\oro-2.0.8.jar;C:\Users\ironPC\.m2\repository\org\eclipse\jdt\core\3.1.1\core-3.1.1.jar;C:\Users\ironPC\.m2\repository\org\codehaus\jackson\jackson-mapper-asl\1.8.8\jackson-mapper-asl-1.8.8.jar;"/>
    <property name="sun.cpu.endian" value="little"/>
    <property name="user.home" value="C:\Users\ironPC"/>
    <property name="user.language" value="en"/>
    <property name="java.specification.vendor" value="Oracle Corporation"/>
    <property name="java.version.date" value="2022-04-19"/>
    <property name="java.home" value="C:\Users\ironPC\.jdks\semeru-17.0.3"/>
    <property name="ibm.signalhandling.rs" value="false"/>
    <property name="openjdk.methodhandles" value="true"/>
    <property name="file.separator" value="\"/>
    <property name="jdk.extensions.name" value="Extensions for OpenJDK for Eclipse OpenJ9"/>
    <property name="basedir" value="C:\Users\ironPC\IdeaProjects\UAS_MOVIE"/>
    <property name="line.separator" value="&#10;"/>
    <property name="java.specification.name" value="Java Platform API Specification"/>
    <property name="java.vm.specification.vendor" value="Oracle Corporation"/>
    <property name="java.compiler" value="j9jit29"/>
    <property name="com.ibm.util.extralibs.properties" value=""/>
    <property name="java.awt.graphicsenv" value="sun.awt.Win32GraphicsEnvironment"/>
    <property name="com.ibm.oti.configuration" value="scar"/>
    <property name="java.awt.fonts" value=""/>
    <property name="surefire.real.class.path" value="C:\Users\ironPC\AppData\Local\Temp\surefire4570837613620761887\surefirebooter17317938079405154015.jar"/>
    <property name="com.ibm.oti.shared.enabled" value="false"/>
    <property name="jdk.boot.class.path.append" value=""/>
    <property name="com.ibm.oti.vm.bootstrap.library.path" value="C:\Users\ironPC\.jdks\semeru-17.0.3\bin\default;C:\Users\ironPC\.jdks\semeru-17.0.3\bin"/>
    <property name="com.ibm.cpu.endian" value="little"/>
    <property name="java.fullversion" value="17.0.3+7&#10;JRE 17 Windows 11 amd64-64-Bit Compressed References 20220422_155 (JIT enabled, AOT enabled)&#10;OpenJ9   - 9a84ec34e&#10;OMR      - ab24b6666&#10;JCL      - dc07fd49b92 based on jdk-17.0.3+7"/>
    <property name="java.runtime.version" value="17.0.3+7"/>
    <property name="user.name" value="Cook"/>
    <property name="path.separator" value=";"/>
    <property name="os.version" value="10.0"/>
    <property name="java.runtime.name" value="IBM Semeru Runtime Open Edition"/>
    <property name="ibm.signalhandling.sigint" value="true"/>
    <property name="file.encoding" value="Cp1252"/>
    <property name="java.vm.name" value="Eclipse OpenJ9 VM"/>
    <property name="java.vendor.version" value="17.0.3.0"/>
    <property name="ibm.signalhandling.sigchain" value="true"/>
    <property name="localRepository" value="C:\Users\ironPC\.m2\repository"/>
    <property name="java.vendor.url.bug" value="https://github.com/ibmruntimes/Semeru-Runtimes/issues"/>
    <property name="java.io.tmpdir" value="C:\Users\ironPC\AppData\Local\Temp\"/>
    <property name="idea.version" value="2022.1"/>
    <property name="java.version" value="17.0.3"/>
    <property name="com.ibm.system.agent.path" value="C:\Users\ironPC\.jdks\semeru-17.0.3\bin"/>
    <property name="user.dir" value="C:\Users\ironPC\IdeaProjects\UAS_MOVIE"/>
    <property name="os.arch" value="amd64"/>
    <property name="java.vm.specification.name" value="Java Virtual Machine Specification"/>
    <property name="java.awt.printerjob" value="sun.awt.windows.WPrinterJob"/>
    <property name="sun.nio.PageAlignDirectMemory" value="false"/>
    <property name="os.encoding" value="UTF-8"/>
    <property name="native.encoding" value="Cp1252"/>
    <property name="java.library.path" value="C:\Users\ironPC\.jdks\semeru-17.0.3\bin\default;C:\Users\ironPC\.jdks\semeru-17.0.3\bin;C:\WINDOWS\system32;C:\WINDOWS;C:\Program Files\ImageMagick-7.1.0-Q16-HDRI;C:\Python39\Scripts\;C:\Python39\;C:\Program Files\Microsoft MPI\Bin\;C:\Program Files\Common Files\Oracle\Java\javapath;C:\Program Files (x86)\Common Files\Intel\Shared Libraries\redist\intel64\compiler;C:\Windows\system32;C:\Windows;C:\Windows\System32\Wbem;C:\Windows\System32\WindowsPowerShell\v1.0\;C:\Windows\System32\OpenSSH\;C:\Program Files (x86)\NVIDIA Corporation\PhysX\Common;C:\Program Files\NVIDIA Corporation\NVIDIA NvDLISR;C:\Program Files\Java\jdk-16.0.2\bin;C:\Program Files\Microsoft SQL Server\Client SDK\ODBC\170\Tools\Binn\;C:\Program Files (x86)\Microsoft SQL Server\150\Tools\Binn\;C:\Program Files\Microsoft SQL Server\150\Tools\Binn\;C:\Program Files\Microsoft SQL Server\150\DTS\Binn\;C:\Program Files (x86)\Microsoft SQL Server\150\DTS\Binn\;C:\Program Files\Azure Data Studio\bin;C:\Program Files\dotnet\;C:\Program Files\Microsoft SQL Server\130\Tools\Binn\;C:\Program Files (x86)\dotnet\;C:\ProgramData\chocolatey\bin;C:\Program Files (x86)\Microsoft SQL Server\110\DTS\Binn\;C:\Program Files (x86)\Microsoft SQL Server\120\DTS\Binn\;C:\Program Files (x86)\Microsoft SQL Server\130\DTS\Binn\;C:\Program Files (x86)\Microsoft SQL Server\140\DTS\Binn\;C:\xampp\php;C:\ProgramData\ComposerSetup\bin;C:\Program Files\Dart\dart-sdk\bin;C:\dart-sdk\bin;C:\\Users\ironPC\\AppData\\Local\\Android\\Sdk\\emulator;C:\WINDOWS\system32;C:\WINDOWS;C:\WINDOWS\System32\Wbem;C:\WINDOWS\System32\WindowsPowerShell\v1.0\;C:\WINDOWS\System32\OpenSSH\;C:\Program Files\MongoDB\Server\5.0\bin;C:\Program Files\Git\cmd;C:\Program Files\PuTTY\;C:\Program Files\nodejs\;C:\Program Files\node-v12.22.12-win-x64;C:\src\flutter_windows_3.0.3-stable\flutter\bin;C:\Users\ironPC\AppData\Local\Microsoft\WindowsApps;C:\Users\ironPC\AppData\Local\Programs\Microsoft VS Code\bin;C:\Program Files\Azure Data Studio\bin;C:\Users\ironPC\.dotnet\tools;C:\Program Files\JetBrains\IntelliJ IDEA Community Edition 2021.2.3\bin;;C:\Users\ironPC\AppData\Roaming\npm;C:\Users\ironPC\AppData\Roaming\Composer\vendor\bin;C:\dart-sdk\bin;C:\Program Files\Dart\dart-sdk\bin;C:\Users\ironPC\AppData\Local\Android\Sdk\emulator;C:\src\flutter\bin;C:\Users\ironPC\.android\avd;;C:\Users\ironPC\spicetify-cli;."/>
    <property name="java.vendor" value="IBM Corporation"/>
    <property name="java.vm.info" value="JRE 17 Windows 11 amd64-64-Bit Compressed References 20220422_155 (JIT enabled, AOT enabled)&#10;OpenJ9   - 9a84ec34e&#10;OMR      - ab24b6666&#10;JCL      - dc07fd49b92 based on jdk-17.0.3+7"/>
    <property name="sun.nio.MaxDirectMemorySize" value="-1"/>
    <property name="java.vm.version" value="openj9-0.32.0"/>
    <property name="com.ibm.jcl.checkClassPath" value=""/>
    <property name="ibm.system.encoding" value="Cp1252"/>
    <property name="java.lang.invoke.VarHandle.VAR_HANDLE_GUARDS" value="false"/>
    <property name="sun.io.unicode.encoding" value="UnicodeLittle"/>
    <property name="java.class.version" value="61.0"/>
  </properties>
  <testcase name="shouldAnswerWithTrue" classname="org.example.AppTest" time="0"/>
</testsuite>